<?xml version="1.0" encoding="UTF-8"?>
<testng-results ignored="0" total="6" passed="6" failed="0" skipped="0">
  <reporter-output>
  </reporter-output>
  <suite started-at="2024-06-06T14:43:36 IST" name="CucumberTestSuite" finished-at="2024-06-06T14:44:02 IST" duration-ms="25607">
    <groups>
      <group name="cucumber">
        <method signature="AbstractTestNGCucumberTests.runScenario(io.cucumber.testng.PickleWrapper,io.cucumber.testng.FeatureWrapper)[pri:0, instance:com.cucumber.stepdefinitions.TestRunner@d86a6f]" name="runScenario" class="io.cucumber.testng.AbstractTestNGCucumberTests"/>
      </group> <!-- cucumber -->
    </groups>
    <test started-at="2024-06-06T14:43:36 IST" name="CucumberTests" finished-at="2024-06-06T14:44:02 IST" duration-ms="25607">
      <class name="com.cucumber.stepdefinitions.TestRunner">
        <test-method is-config="true" signature="setUpClass(org.testng.ITestContext)[pri:0, instance:com.cucumber.stepdefinitions.TestRunner@d86a6f]" started-at="2024-06-06T14:43:36 IST" name="setUpClass" finished-at="2024-06-06T14:43:37 IST" duration-ms="508" status="PASS">
          <params>
            <param index="0">
              <value>
                <![CDATA[org.testng.TestRunner@7d3e8655]]>
              </value>
            </param>
          </params>
          <reporter-output>
          </reporter-output>
        </test-method> <!-- setUpClass -->
        <test-method signature="runScenario(io.cucumber.testng.PickleWrapper,io.cucumber.testng.FeatureWrapper)[pri:0, instance:com.cucumber.stepdefinitions.TestRunner@d86a6f]" started-at="2024-06-06T14:43:37 IST" name="runScenario" description="Runs Cucumber Scenarios" data-provider="scenarios" finished-at="2024-06-06T14:43:55 IST" duration-ms="18492" status="PASS">
          <params>
            <param index="0">
              <value>
                <![CDATA["As a user, I can add product to the cart and checkout the product"]]>
              </value>
            </param>
            <param index="1">
              <value>
                <![CDATA["Sauce demo application Add to cart"]]>
              </value>
            </param>
          </params>
          <reporter-output>
          </reporter-output>
        </test-method> <!-- runScenario -->
        <test-method signature="runScenario(io.cucumber.testng.PickleWrapper,io.cucumber.testng.FeatureWrapper)[pri:0, instance:com.cucumber.stepdefinitions.TestRunner@d86a6f]" started-at="2024-06-06T14:43:37 IST" name="runScenario" description="Runs Cucumber Scenarios" data-provider="scenarios" finished-at="2024-06-06T14:43:55 IST" duration-ms="18506" status="PASS">
          <params>
            <param index="0">
              <value>
                <![CDATA["Login with valid credentials"]]>
              </value>
            </param>
            <param index="1">
              <value>
                <![CDATA["This is sauce demo login page"]]>
              </value>
            </param>
          </params>
          <reporter-output>
          </reporter-output>
        </test-method> <!-- runScenario -->
        <test-method signature="runScenario(io.cucumber.testng.PickleWrapper,io.cucumber.testng.FeatureWrapper)[pri:0, instance:com.cucumber.stepdefinitions.TestRunner@d86a6f]" started-at="2024-06-06T14:43:37 IST" name="runScenario" description="Runs Cucumber Scenarios" data-provider="scenarios" finished-at="2024-06-06T14:43:49 IST" duration-ms="12617" status="PASS">
          <params>
            <param index="0">
              <value>
                <![CDATA["Login with valid credentials"]]>
              </value>
            </param>
            <param index="1">
              <value>
                <![CDATA["This is sauce demo login page"]]>
              </value>
            </param>
          </params>
          <reporter-output>
          </reporter-output>
        </test-method> <!-- runScenario -->
        <test-method signature="runScenario(io.cucumber.testng.PickleWrapper,io.cucumber.testng.FeatureWrapper)[pri:0, instance:com.cucumber.stepdefinitions.TestRunner@d86a6f]" started-at="2024-06-06T14:43:37 IST" name="runScenario" description="Runs Cucumber Scenarios" data-provider="scenarios" finished-at="2024-06-06T14:43:49 IST" duration-ms="12371" status="PASS">
          <params>
            <param index="0">
              <value>
                <![CDATA["Login with valid credentials"]]>
              </value>
            </param>
            <param index="1">
              <value>
                <![CDATA["This is sauce demo login page"]]>
              </value>
            </param>
          </params>
          <reporter-output>
          </reporter-output>
        </test-method> <!-- runScenario -->
        <test-method signature="runScenario(io.cucumber.testng.PickleWrapper,io.cucumber.testng.FeatureWrapper)[pri:0, instance:com.cucumber.stepdefinitions.TestRunner@d86a6f]" started-at="2024-06-06T14:43:37 IST" name="runScenario" description="Runs Cucumber Scenarios" data-provider="scenarios" finished-at="2024-06-06T14:44:02 IST" duration-ms="25043" status="PASS">
          <params>
            <param index="0">
              <value>
                <![CDATA["Login with valid credentials and checking the elements present in side bar"]]>
              </value>
            </param>
            <param index="1">
              <value>
                <![CDATA["This is sauce demo application side bar validation"]]>
              </value>
            </param>
          </params>
          <reporter-output>
          </reporter-output>
        </test-method> <!-- runScenario -->
        <test-method signature="runScenario(io.cucumber.testng.PickleWrapper,io.cucumber.testng.FeatureWrapper)[pri:0, instance:com.cucumber.stepdefinitions.TestRunner@d86a6f]" started-at="2024-06-06T14:43:37 IST" name="runScenario" description="Runs Cucumber Scenarios" data-provider="scenarios" finished-at="2024-06-06T14:43:55 IST" duration-ms="18489" status="PASS">
          <params>
            <param index="0">
              <value>
                <![CDATA["Login with valid credentials and check the sorting function"]]>
              </value>
            </param>
            <param index="1">
              <value>
                <![CDATA["Sauce demo application"]]>
              </value>
            </param>
          </params>
          <reporter-output>
          </reporter-output>
        </test-method> <!-- runScenario -->
        <test-method is-config="true" signature="tearDownClass()[pri:0, instance:com.cucumber.stepdefinitions.TestRunner@d86a6f]" started-at="2024-06-06T14:44:02 IST" name="tearDownClass" finished-at="2024-06-06T14:44:02 IST" duration-ms="20" status="PASS">
          <reporter-output>
          </reporter-output>
        </test-method> <!-- tearDownClass -->
      </class> <!-- com.cucumber.stepdefinitions.TestRunner -->
    </test> <!-- CucumberTests -->
  </suite> <!-- CucumberTestSuite -->
</testng-results>
