<?xml version="1.0" encoding="UTF-8"?>
<testng-results ignored="0" total="6" passed="6" failed="0" skipped="0">
  <reporter-output>
  </reporter-output>
  <suite started-at="2024-06-07T15:26:11 IST" name="Default suite" finished-at="2024-06-07T15:26:38 IST" duration-ms="27261">
    <groups>
      <group name="cucumber">
        <method signature="AbstractTestNGCucumberTests.runScenario(io.cucumber.testng.PickleWrapper,io.cucumber.testng.FeatureWrapper)[pri:0, instance:com.cucumber.stepdefinitions.TestRunner@7ae0a9ec]" name="runScenario" class="io.cucumber.testng.AbstractTestNGCucumberTests"/>
      </group> <!-- cucumber -->
    </groups>
    <test started-at="2024-06-07T15:26:11 IST" name="Default test" finished-at="2024-06-07T15:26:38 IST" duration-ms="27261">
      <class name="com.cucumber.stepdefinitions.TestRunner">
        <test-method is-config="true" signature="setUpClass(org.testng.ITestContext)[pri:0, instance:com.cucumber.stepdefinitions.TestRunner@7ae0a9ec]" started-at="2024-06-07T15:26:11 IST" name="setUpClass" finished-at="2024-06-07T15:26:12 IST" duration-ms="579" status="PASS">
          <params>
            <param index="0">
              <value>
                <![CDATA[org.testng.TestRunner@85ec632]]>
              </value>
            </param>
          </params>
          <reporter-output>
          </reporter-output>
        </test-method> <!-- setUpClass -->
        <test-method signature="runScenario(io.cucumber.testng.PickleWrapper,io.cucumber.testng.FeatureWrapper)[pri:0, instance:com.cucumber.stepdefinitions.TestRunner@7ae0a9ec]" started-at="2024-06-07T15:26:12 IST" name="runScenario" description="Runs Cucumber Scenarios" data-provider="scenarios" finished-at="2024-06-07T15:26:31 IST" duration-ms="19473" status="PASS">
          <params>
            <param index="0">
              <value>
                <![CDATA["Login with valid credentials and check the sorting function"]]>
              </value>
            </param>
            <param index="1">
              <value>
                <![CDATA["Sauce demo application"]]>
              </value>
            </param>
          </params>
          <reporter-output>
          </reporter-output>
        </test-method> <!-- runScenario -->
        <test-method signature="runScenario(io.cucumber.testng.PickleWrapper,io.cucumber.testng.FeatureWrapper)[pri:0, instance:com.cucumber.stepdefinitions.TestRunner@7ae0a9ec]" started-at="2024-06-07T15:26:12 IST" name="runScenario" description="Runs Cucumber Scenarios" data-provider="scenarios" finished-at="2024-06-07T15:26:26 IST" duration-ms="13863" status="PASS">
          <params>
            <param index="0">
              <value>
                <![CDATA["Login with valid credentials"]]>
              </value>
            </param>
            <param index="1">
              <value>
                <![CDATA["This is sauce demo login page"]]>
              </value>
            </param>
          </params>
          <reporter-output>
          </reporter-output>
        </test-method> <!-- runScenario -->
        <test-method signature="runScenario(io.cucumber.testng.PickleWrapper,io.cucumber.testng.FeatureWrapper)[pri:0, instance:com.cucumber.stepdefinitions.TestRunner@7ae0a9ec]" started-at="2024-06-07T15:26:12 IST" name="runScenario" description="Runs Cucumber Scenarios" data-provider="scenarios" finished-at="2024-06-07T15:26:38 IST" duration-ms="26615" status="PASS">
          <params>
            <param index="0">
              <value>
                <![CDATA["Login with valid credentials and checking the elements present in side bar"]]>
              </value>
            </param>
            <param index="1">
              <value>
                <![CDATA["This is sauce demo application side bar validation"]]>
              </value>
            </param>
          </params>
          <reporter-output>
          </reporter-output>
        </test-method> <!-- runScenario -->
        <test-method signature="runScenario(io.cucumber.testng.PickleWrapper,io.cucumber.testng.FeatureWrapper)[pri:0, instance:com.cucumber.stepdefinitions.TestRunner@7ae0a9ec]" started-at="2024-06-07T15:26:12 IST" name="runScenario" description="Runs Cucumber Scenarios" data-provider="scenarios" finished-at="2024-06-07T15:26:30 IST" duration-ms="18516" status="PASS">
          <params>
            <param index="0">
              <value>
                <![CDATA["As a user, I can add product to the cart and checkout the product"]]>
              </value>
            </param>
            <param index="1">
              <value>
                <![CDATA["Sauce demo application Add to cart"]]>
              </value>
            </param>
          </params>
          <reporter-output>
          </reporter-output>
        </test-method> <!-- runScenario -->
        <test-method signature="runScenario(io.cucumber.testng.PickleWrapper,io.cucumber.testng.FeatureWrapper)[pri:0, instance:com.cucumber.stepdefinitions.TestRunner@7ae0a9ec]" started-at="2024-06-07T15:26:12 IST" name="runScenario" description="Runs Cucumber Scenarios" data-provider="scenarios" finished-at="2024-06-07T15:26:26 IST" duration-ms="14346" status="PASS">
          <params>
            <param index="0">
              <value>
                <![CDATA["Login with valid credentials"]]>
              </value>
            </param>
            <param index="1">
              <value>
                <![CDATA["This is sauce demo login page"]]>
              </value>
            </param>
          </params>
          <reporter-output>
          </reporter-output>
        </test-method> <!-- runScenario -->
        <test-method signature="runScenario(io.cucumber.testng.PickleWrapper,io.cucumber.testng.FeatureWrapper)[pri:0, instance:com.cucumber.stepdefinitions.TestRunner@7ae0a9ec]" started-at="2024-06-07T15:26:12 IST" name="runScenario" description="Runs Cucumber Scenarios" data-provider="scenarios" finished-at="2024-06-07T15:26:31 IST" duration-ms="19488" status="PASS">
          <params>
            <param index="0">
              <value>
                <![CDATA["Login with valid credentials"]]>
              </value>
            </param>
            <param index="1">
              <value>
                <![CDATA["This is sauce demo login page"]]>
              </value>
            </param>
          </params>
          <reporter-output>
          </reporter-output>
        </test-method> <!-- runScenario -->
        <test-method is-config="true" signature="tearDownClass()[pri:0, instance:com.cucumber.stepdefinitions.TestRunner@7ae0a9ec]" started-at="2024-06-07T15:26:38 IST" name="tearDownClass" finished-at="2024-06-07T15:26:38 IST" duration-ms="22" status="PASS">
          <reporter-output>
          </reporter-output>
        </test-method> <!-- tearDownClass -->
      </class> <!-- com.cucumber.stepdefinitions.TestRunner -->
    </test> <!-- Default test -->
  </suite> <!-- Default suite -->
</testng-results>
